#
# There is insufficient memory for the Java Runtime Environment to continue.
# Native memory allocation (malloc) failed to allocate 1048576 bytes for AllocateHeap
# Possible reasons:
#   The system is out of physical RAM or swap space
#   In 32 bit mode, the process size limit was hit
# Possible solutions:
#   Reduce memory load on the system
#   Increase physical memory or swap space
#   Check if swap backing store is full
#   Use 64 bit Java on a 64 bit OS
#   Decrease Java heap size (-Xmx/-Xms)
#   Decrease number of Java threads
#   Decrease Java thread stack sizes (-Xss)
#   Set larger code cache with -XX:ReservedCodeCacheSize=
# This output file may be truncated or incomplete.
#
#  Out of Memory Error (memory/allocation.inline.hpp:61), pid=24552, tid=0x0000000000005c70
#
# JRE version:  (8.0_131-b11) (build )
# Java VM: Java HotSpot(TM) 64-Bit Server VM (25.131-b11 mixed mode windows-amd64 compressed oops)
# Failed to write core dump. Minidumps are not enabled by default on client versions of Windows
#

---------------  T H R E A D  ---------------

Current thread (0x000000000318d800):  JavaThread "Unknown thread" [_thread_in_vm, id=23664, stack(0x0000000003190000,0x0000000003290000)]

Stack: [0x0000000003190000,0x0000000003290000]
[error occurred during error reporting (printing stack bounds), id 0xc0000005]

Native frames: (J=compiled Java code, j=interpreted, Vv=VM code, C=native code)


---------------  P R O C E S S  ---------------

Java Threads: ( => current thread )

Other Threads:

=>0x000000000318d800 (exited) JavaThread "Unknown thread" [_thread_in_vm, id=23664, stack(0x0000000003190000,0x0000000003290000)]

VM state:not at safepoint (normal execution)

VM Mutex/Monitor currently owned by a thread: None

Heap:
 PSYoungGen      total 73728K, used 1269K [0x000000076e100000, 0x0000000773300000, 0x00000007c0000000)
  eden space 63488K, 2% used [0x000000076e100000,0x000000076e23d718,0x0000000771f00000)
  from space 10240K, 0% used [0x0000000772900000,0x0000000772900000,0x0000000773300000)
  to   space 10240K, 0% used [0x0000000771f00000,0x0000000771f00000,0x0000000772900000)
 ParOldGen       total 167936K, used 0K [0x00000006ca200000, 0x00000006d4600000, 0x000000076e100000)
  object space 167936K, 0% used [0x00000006ca200000,0x00000006ca200000,0x00000006d4600000)
 Metaspace       used 770K, capacity 4480K, committed 4480K, reserved 1056768K
  class space    used 75K, capacity 384K, committed 384K, reserved 1048576K

Card table byte_map: [0x00000000128e0000,0x0000000013090000] byte_map_base: 0x000000000f28f000

Marking Bits: (ParMarkBitMap*) 0x00000000661fc720
 Begin Bits: [0x00000000142b0000, 0x0000000018028000)
 End Bits:   [0x0000000018028000, 0x000000001bda0000)

Polling page: 0x0000000001520000

CodeCache: size=245760Kb used=327Kb max_used=327Kb free=245432Kb
 bounds [0x0000000003520000, 0x0000000003790000, 0x0000000012520000]
 total_blobs=57 nmethods=0 adapters=38
 compilation: enabled

Compilation events (0 events):
No events

GC Heap History (0 events):
No events

Deoptimization events (0 events):
No events

Internal exceptions (0 events):
No events

Events (10 events):
Event: 0.035 loading class java/lang/Short
Event: 0.035 loading class java/lang/Short done
Event: 0.035 loading class java/lang/Integer
Event: 0.035 loading class java/lang/Integer done
Event: 0.035 loading class java/lang/Long
Event: 0.035 loading class java/lang/Long done
Event: 0.036 loading class java/lang/NullPointerException
Event: 0.036 loading class java/lang/NullPointerException done
Event: 0.036 loading class java/lang/ArithmeticException
Event: 0.037 loading class java/lang/ArithmeticException done


Dynamic libraries:
0x00007ff7255f0000 - 0x00007ff725627000 	D:\java\jdk1.8.0_131\bin\java.exe
0x00007ff973630000 - 0x00007ff973825000 	C:\Windows\SYSTEM32\ntdll.dll
0x00007ff972ee0000 - 0x00007ff972f9d000 	C:\Windows\System32\KERNEL32.DLL
0x00007ff970e20000 - 0x00007ff9710e8000 	C:\Windows\System32\KERNELBASE.dll
0x00007ff973410000 - 0x00007ff9734bc000 	C:\Windows\System32\ADVAPI32.dll
0x00007ff973520000 - 0x00007ff9735be000 	C:\Windows\System32\msvcrt.dll
0x00007ff973370000 - 0x00007ff97340b000 	C:\Windows\System32\sechost.dll
0x00007ff971880000 - 0x00007ff9719ab000 	C:\Windows\System32\RPCRT4.dll
0x00007ff972590000 - 0x00007ff972730000 	C:\Windows\System32\USER32.dll
0x00007ff971660000 - 0x00007ff971682000 	C:\Windows\System32\win32u.dll
0x00007ff9716f0000 - 0x00007ff97171a000 	C:\Windows\System32\GDI32.dll
0x00007ff9713f0000 - 0x00007ff9714fb000 	C:\Windows\System32\gdi32full.dll
0x00007ff971250000 - 0x00007ff9712ed000 	C:\Windows\System32\msvcp_win.dll
0x00007ff9712f0000 - 0x00007ff9713f0000 	C:\Windows\System32\ucrtbase.dll
0x00007ff95f270000 - 0x00007ff95f50a000 	C:\Windows\WinSxS\amd64_microsoft.windows.common-controls_6595b64144ccf1df_6.0.19041.844_none_ca00b6081b84eb1d\COMCTL32.dll
0x00007ff9735c0000 - 0x00007ff9735f0000 	C:\Windows\System32\IMM32.DLL
0x0000000066280000 - 0x0000000066352000 	D:\java\jdk1.8.0_131\jre\bin\msvcr100.dll
0x00000000659e0000 - 0x000000006627c000 	D:\java\jdk1.8.0_131\jre\bin\server\jvm.dll
0x00007ff9724d0000 - 0x00007ff9724d8000 	C:\Windows\System32\PSAPI.DLL
0x00007ff95d360000 - 0x00007ff95d369000 	C:\Windows\SYSTEM32\WSOCK32.dll
0x00007ff966f10000 - 0x00007ff966f37000 	C:\Windows\SYSTEM32\WINMM.dll
0x00007ff966830000 - 0x00007ff96683a000 	C:\Windows\SYSTEM32\VERSION.dll
0x00007ff972460000 - 0x00007ff9724cb000 	C:\Windows\System32\WS2_32.dll
0x0000000068000000 - 0x000000006800f000 	D:\java\jdk1.8.0_131\jre\bin\verify.dll
0x00000000659b0000 - 0x00000000659d9000 	D:\java\jdk1.8.0_131\jre\bin\java.dll
0x00000000653a0000 - 0x00000000653c3000 	D:\java\jdk1.8.0_131\jre\bin\instrument.dll
0x0000000067fe0000 - 0x0000000067ff6000 	D:\java\jdk1.8.0_131\jre\bin\zip.dll

VM Arguments:
jvm_args: -Dmaven.multiModuleProjectDirectory=E:\project\oa -Dmaven.home=D:\dev\apache-maven-3.3.9 -Dclassworlds.conf=D:\dev\apache-maven-3.3.9\bin\m2.conf -javaagent:D:\IntelliJ IDEA 2019.1\lib\idea_rt.jar=60825:D:\IntelliJ IDEA 2019.1\bin -Dfile.encoding=UTF-8 
java_command: org.codehaus.classworlds.Launcher -Didea.version2019.1 -s D:\dev\apache-maven-3.3.9\conf\settings.xml clean
java_class_path (initial): D:\dev\apache-maven-3.3.9\boot\plexus-classworlds-2.5.2.jar;D:\IntelliJ IDEA 2019.1\lib\idea_rt.jar
Launcher Type: SUN_STANDARD

Environment Variables:
JAVA_HOME=D:\Java\jdk1.8.0_131
CLASSPATH=.D:\Java\jdk1.8.0_131\lib;D:\Java\jdk1.8.0_131\lib\tools.jar
PATH=D:\oracle\app\oracle\product\11.2.0\server\bin;;C:\ProgramData\Oracle\Java\javapath;C:\Windows\system32;C:\Windows;C:\Windows\System32\Wbem;C:\Windows\System32\WindowsPowerShell\v1.0\;C:\Windows\System32\OpenSSH\;D:\Java\jdk1.8.0_131\bin;C:\Program Files\MySQL\MySQL Server 5.5\bin;C:\Program Files (x86)\Microsoft SQL Server\100\Tools\Binn\;C:\Program Files\Microsoft SQL Server\100\Tools\Binn\;C:\Program Files\Microsoft SQL Server\100\DTS\Binn\;C:\Program Files (x86)\Microsoft SQL Server\100\Tools\Binn\VSShell\Common7\IDE\;C:\Program Files (x86)\Microsoft Visual Studio 9.0\Common7\IDE\PrivateAssemblies\;C:\Program Files (x86)\Microsoft SQL Server\100\DTS\Binn\;C:\Program Files (x86)\Microsoft SQL Server\80\Tools\Binn\;d:\u8soft\admin;D:\U8SOFT\turbocrm70\php\;D:\xshell\;D:\xftp\;D:\nodejs\;C:\Users\xjq\AppData\Roaming\npm;C:\Users\xjq\AppData\Local\Microsoft\WindowsApps;C:\Users\xjq\AppData\Roaming\npm;C:\Users\xjq\AppData\Local\GitHubDesktop\bin
USERNAME=xjq
OS=Windows_NT
PROCESSOR_IDENTIFIER=AMD64 Family 23 Model 96 Stepping 1, AuthenticAMD



---------------  S Y S T E M  ---------------

OS: Windows 10.0 , 64 bit Build 19041 (10.0.19041.928)

CPU:total 16 (initial active 16) (16 cores per cpu, 1 threads per core) family 23 model 96 stepping 1, cmov, cx8, fxsr, mmx, sse, sse2, sse3, ssse3, sse4.1, sse4.2, popcnt, avx, avx2, aes, clmul, mmxext, 3dnowpref, lzcnt, sse4a, tsc, tscinvbit, tscinv, bmi1

Memory: 4k page, physical 16112448k(6162340k free), swap 29219644k(5892k free)

vm_info: Java HotSpot(TM) 64-Bit Server VM (25.131-b11) for windows-amd64 JRE (1.8.0_131-b11), built on Mar 15 2017 01:23:53 by "java_re" with MS VC++ 10.0 (VS2010)

time: Thu Jun 24 00:26:54 2021
elapsed time: 0 seconds (0d 0h 0m 0s)

